[p.w3layouts.com/demos_new/template_demo/05-12-2017/movies_pro-demo_Free/482523427/web/index.html]
[backblue.gif]
[fade.gif]
[index.html]
[p.w3layouts.com/demos_new/template_demo/05-12-2017/movies_pro-demo_Free/482523427/web/css/bootstrap.css]
[p.w3layouts.com/demos_new/template_demo/05-12-2017/movies_pro-demo_Free/482523427/web/css/popuo-box.css]
[p.w3layouts.com/demos_new/template_demo/05-12-2017/movies_pro-demo_Free/482523427/web/css/easy-responsive-tabs.css]
[p.w3layouts.com/demos_new/template_demo/05-12-2017/movies_pro-demo_Free/482523427/web/css/zoomslider.css]
[p.w3layouts.com/demos_new/template_demo/05-12-2017/movies_pro-demo_Free/482523427/web/css/style.css]
[p.w3layouts.com/demos_new/template_demo/05-12-2017/movies_pro-demo_Free/482523427/web/css/font-awesome.css]
[ajax.googleapis.com/ajax/libs/jquery/1.10.2/jquery.min.js]
[p.w3layouts.com/demos_new/template_demo/05-12-2017/movies_pro-demo_Free/482523427/web/js/modernizr-2.6.2.min.js]
[vdo.ai/core/w3layouts/vdo.ai.js]
[m.servedby-buysellads.com/monetization.js]
[www.google-analytics.com/analytics.js]
[p.w3layouts.com/demos_new/template_demo/05-12-2017/movies_pro-demo_Free/482523427/web/genre.html]
[p.w3layouts.com/demos_new/template_demo/05-12-2017/movies_pro-demo_Free/482523427/web/horror.html]
[p.w3layouts.com/demos_new/template_demo/05-12-2017/movies_pro-demo_Free/482523427/web/comedy.html]
[p.w3layouts.com/demos_new/template_demo/05-12-2017/movies_pro-demo_Free/482523427/web/series.html]
[p.w3layouts.com/demos_new/template_demo/05-12-2017/movies_pro-demo_Free/482523427/web/news.html]
[p.w3layouts.com/demos_new/template_demo/05-12-2017/movies_pro-demo_Free/482523427/web/list.html]
[connect.facebook.net/en_GB/sdk.js]
[platform.twitter.com/widgets.js]
[p.w3layouts.com/demos_new/template_demo/05-12-2017/movies_pro-demo_Free/482523427/web/contact.html]
[apis.google.com/js/platform.js]
[p.w3layouts.com/demos_new/template_demo/05-12-2017/movies_pro-demo_Free/482523427/web/images/11.jpg]
[p.w3layouts.com/demos_new/template_demo/05-12-2017/movies_pro-demo_Free/482523427/web/single.html]
[p.w3layouts.com/demos_new/template_demo/05-12-2017/movies_pro-demo_Free/482523427/web/images/m1.jpg]
[p.w3layouts.com/demos_new/template_demo/05-12-2017/movies_pro-demo_Free/482523427/web/images/m2.jpg]
[p.w3layouts.com/demos_new/template_demo/05-12-2017/movies_pro-demo_Free/482523427/web/images/m3.jpg]
[p.w3layouts.com/demos_new/template_demo/05-12-2017/movies_pro-demo_Free/482523427/web/images/m4.jpg]
[p.w3layouts.com/demos_new/template_demo/05-12-2017/movies_pro-demo_Free/482523427/web/images/m5.jpg]
[p.w3layouts.com/demos_new/template_demo/05-12-2017/movies_pro-demo_Free/482523427/web/images/m6.jpg]
[p.w3layouts.com/demos_new/template_demo/05-12-2017/movies_pro-demo_Free/482523427/web/images/m7.jpg]
[p.w3layouts.com/demos_new/template_demo/05-12-2017/movies_pro-demo_Free/482523427/web/images/m8.jpg]
[p.w3layouts.com/demos_new/template_demo/05-12-2017/movies_pro-demo_Free/482523427/web/images/22.jpg]
[p.w3layouts.com/demos_new/template_demo/05-12-2017/movies_pro-demo_Free/482523427/web/images/m9.jpg]
[p.w3layouts.com/demos_new/template_demo/05-12-2017/movies_pro-demo_Free/482523427/web/images/m10.jpg]
[p.w3layouts.com/demos_new/template_demo/05-12-2017/movies_pro-demo_Free/482523427/web/images/m11.jpg]
[p.w3layouts.com/demos_new/template_demo/05-12-2017/movies_pro-demo_Free/482523427/web/images/m12.jpg]
[p.w3layouts.com/demos_new/template_demo/05-12-2017/movies_pro-demo_Free/482523427/web/images/m13.jpg]
[p.w3layouts.com/demos_new/template_demo/05-12-2017/movies_pro-demo_Free/482523427/web/images/m14.jpg]
[p.w3layouts.com/demos_new/template_demo/05-12-2017/movies_pro-demo_Free/482523427/web/images/m15.jpg]
[p.w3layouts.com/demos_new/template_demo/05-12-2017/movies_pro-demo_Free/482523427/web/images/m16.jpg]
[p.w3layouts.com/demos_new/template_demo/05-12-2017/movies_pro-demo_Free/482523427/web/images/44.jpg]
[p.w3layouts.com/demos_new/template_demo/05-12-2017/movies_pro-demo_Free/482523427/web/images/1.jpg]
[p.w3layouts.com/demos_new/template_demo/05-12-2017/movies_pro-demo_Free/482523427/web/images/2.jpg]
[p.w3layouts.com/demos_new/template_demo/05-12-2017/movies_pro-demo_Free/482523427/web/images/4.jpg]
[p.w3layouts.com/demos_new/template_demo/05-12-2017/movies_pro-demo_Free/482523427/web/images/3.jpg]
[p.w3layouts.com/demos_new/template_demo/05-12-2017/movies_pro-demo_Free/482523427/web/icons.html]
[p.w3layouts.com/demos_new/template_demo/05-12-2017/movies_pro-demo_Free/482523427/web/short-codes.html]
[p.w3layouts.com/demos_new/template_demo/05-12-2017/movies_pro-demo_Free/482523427/web/js/jquery-1.11.1.min.js]
[p.w3layouts.com/demos_new/template_demo/05-12-2017/movies_pro-demo_Free/482523427/web/js/jquery.zoomslider.min.js]
[p.w3layouts.com/demos_new/template_demo/05-12-2017/movies_pro-demo_Free/482523427/web/js/main.js]
[p.w3layouts.com/demos_new/template_demo/05-12-2017/movies_pro-demo_Free/482523427/web/js/simplePlayer.js]
[p.w3layouts.com/demos_new/template_demo/05-12-2017/movies_pro-demo_Free/482523427/web/js/jquery.magnific-popup.js]
[p.w3layouts.com/demos_new/template_demo/05-12-2017/movies_pro-demo_Free/482523427/web/js/easy-responsive-tabs.js]
[p.w3layouts.com/demos_new/template_demo/05-12-2017/movies_pro-demo_Free/482523427/web/css/owl.carousel.css]
[p.w3layouts.com/demos_new/template_demo/05-12-2017/movies_pro-demo_Free/482523427/web/js/owl.carousel.js]
[p.w3layouts.com/demos_new/template_demo/05-12-2017/movies_pro-demo_Free/482523427/web/js/move-top.js]
[p.w3layouts.com/demos_new/template_demo/05-12-2017/movies_pro-demo_Free/482523427/web/js/easing.js]
[p.w3layouts.com/demos_new/template_demo/05-12-2017/movies_pro-demo_Free/482523427/web/index.html]
[p.w3layouts.com/demos_new/template_demo/05-12-2017/movies_pro-demo_Free/482523427/web/js/bootstrap.js]
[p.w3layouts.com/demos_new/template_demo/05-12-2017/movies_pro-demo_Free/482523427/web/fonts/glyphicons-halflings-regular.eot]
[p.w3layouts.com/demos_new/template_demo/05-12-2017/movies_pro-demo_Free/482523427/web/fonts/glyphicons-halflings-regulard41d.eot]
[p.w3layouts.com/demos_new/template_demo/05-12-2017/movies_pro-demo_Free/482523427/web/fonts/glyphicons-halflings-regular.woff2]
[p.w3layouts.com/demos_new/template_demo/05-12-2017/movies_pro-demo_Free/482523427/web/fonts/glyphicons-halflings-regular.woff]
[p.w3layouts.com/demos_new/template_demo/05-12-2017/movies_pro-demo_Free/482523427/web/fonts/glyphicons-halflings-regular.ttf]
[p.w3layouts.com/demos_new/template_demo/05-12-2017/movies_pro-demo_Free/482523427/web/css/bootstrap.css]
[p.w3layouts.com/demos_new/template_demo/05-12-2017/movies_pro-demo_Free/482523427/web/css/popuo-box.css]
[p.w3layouts.com/demos_new/template_demo/05-12-2017/movies_pro-demo_Free/482523427/web/css/easy-responsive-tabs.css]
[p.w3layouts.com/demos_new/template_demo/05-12-2017/movies_pro-demo_Free/482523427/web/fonts/glyphicons-halflings-regular.svg]
[p.w3layouts.com/demos_new/template_demo/05-12-2017/movies_pro-demo_Free/482523427/web/css/plain.41.delayed]
[p.w3layouts.com/demos_new/template_demo/05-12-2017/movies_pro-demo_Free/482523427/web/images/dots.png]
[p.w3layouts.com/demos_new/template_demo/05-12-2017/movies_pro-demo_Free/482523427/web/css/zoomslider.css]
[p.w3layouts.com/demos_new/template_demo/05-12-2017/movies_pro-demo_Free/482523427/web/images/tick.png]
[p.w3layouts.com/demos_new/template_demo/05-12-2017/movies_pro-demo_Free/482523427/web/images/play-button.png]
[p.w3layouts.com/demos_new/template_demo/05-12-2017/movies_pro-demo_Free/482523427/web/images/search.png]
[p.w3layouts.com/demos_new/template_demo/05-12-2017/movies_pro-demo_Free/482523427/web/images/move-top.png]
[p.w3layouts.com/demos_new/template_demo/05-12-2017/movies_pro-demo_Free/482523427/web/css/style.css]
[p.w3layouts.com/demos_new/template_demo/05-12-2017/movies_pro-demo_Free/482523427/web/fonts/fontawesome-webfont5b62.woff2]
[p.w3layouts.com/demos_new/template_demo/05-12-2017/movies_pro-demo_Free/482523427/web/fonts/fontawesome-webfontd41d.eot]
[p.w3layouts.com/demos_new/template_demo/05-12-2017/movies_pro-demo_Free/482523427/web/fonts/fontawesome-webfont5b62.woff]
[p.w3layouts.com/demos_new/template_demo/05-12-2017/movies_pro-demo_Free/482523427/web/fonts/fontawesome-webfont5b62.eot]
[p.w3layouts.com/demos_new/template_demo/05-12-2017/movies_pro-demo_Free/482523427/web/fonts/fontawesome-webfont5b62.ttf]
[p.w3layouts.com/demos_new/template_demo/05-12-2017/movies_pro-demo_Free/482523427/web/css/font-awesome.css]
[p.w3layouts.com/demos_new/template_demo/05-12-2017/movies_pro-demo_Free/482523427/web/images/c1.jpg]
[p.w3layouts.com/demos_new/template_demo/05-12-2017/movies_pro-demo_Free/482523427/web/images/c2.jpg]
[p.w3layouts.com/demos_new/template_demo/05-12-2017/movies_pro-demo_Free/482523427/web/images/c3.jpg]
[p.w3layouts.com/demos_new/template_demo/05-12-2017/movies_pro-demo_Free/482523427/web/images/c4.jpg]
[p.w3layouts.com/demos_new/template_demo/05-12-2017/movies_pro-demo_Free/482523427/web/fonts/fontawesome-webfont5b62.svg]
[p.w3layouts.com/demos_new/template_demo/05-12-2017/movies_pro-demo_Free/482523427/web/images/c5.jpg]
[p.w3layouts.com/demos_new/template_demo/05-12-2017/movies_pro-demo_Free/482523427/web/images/hr1.jpg]
[p.w3layouts.com/demos_new/template_demo/05-12-2017/movies_pro-demo_Free/482523427/web/images/hr2.jpg]
[p.w3layouts.com/demos_new/template_demo/05-12-2017/movies_pro-demo_Free/482523427/web/images/hr3.jpg]
[p.w3layouts.com/demos_new/template_demo/05-12-2017/movies_pro-demo_Free/482523427/web/images/hr4.jpg]
[p.w3layouts.com/demos_new/template_demo/05-12-2017/movies_pro-demo_Free/482523427/web/images/hr5.jpg]
[p.w3layouts.com/demos_new/template_demo/05-12-2017/movies_pro-demo_Free/482523427/web/genre.html]
[p.w3layouts.com/demos_new/template_demo/05-12-2017/movies_pro-demo_Free/482523427/web/images/hr6.jpg]
[p.w3layouts.com/demos_new/template_demo/05-12-2017/movies_pro-demo_Free/482523427/web/images/hr7.jpg]
[p.w3layouts.com/demos_new/template_demo/05-12-2017/movies_pro-demo_Free/482523427/web/images/hr8.jpg]
[p.w3layouts.com/demos_new/template_demo/05-12-2017/movies_pro-demo_Free/482523427/web/images/hr9.jpg]
[p.w3layouts.com/demos_new/template_demo/05-12-2017/movies_pro-demo_Free/482523427/web/images/hr10.jpg]
[p.w3layouts.com/demos_new/template_demo/05-12-2017/movies_pro-demo_Free/482523427/web/horror.html]
[p.w3layouts.com/demos_new/template_demo/05-12-2017/movies_pro-demo_Free/482523427/web/images/c6.jpg]
[p.w3layouts.com/demos_new/template_demo/05-12-2017/movies_pro-demo_Free/482523427/web/images/c7.jpg]
[p.w3layouts.com/demos_new/template_demo/05-12-2017/movies_pro-demo_Free/482523427/web/images/c8.jpg]
[p.w3layouts.com/demos_new/template_demo/05-12-2017/movies_pro-demo_Free/482523427/web/images/c9.jpg]
[p.w3layouts.com/demos_new/template_demo/05-12-2017/movies_pro-demo_Free/482523427/web/images/c10.jpg]
[p.w3layouts.com/demos_new/template_demo/05-12-2017/movies_pro-demo_Free/482523427/web/comedy.html]
[p.w3layouts.com/demos_new/template_demo/05-12-2017/movies_pro-demo_Free/482523427/web/images/h1.jpg]
[p.w3layouts.com/demos_new/template_demo/05-12-2017/movies_pro-demo_Free/482523427/web/images/h2.jpg]
[p.w3layouts.com/demos_new/template_demo/05-12-2017/movies_pro-demo_Free/482523427/web/images/h3.jpg]
[p.w3layouts.com/demos_new/template_demo/05-12-2017/movies_pro-demo_Free/482523427/web/images/h4.jpg]
[p.w3layouts.com/demos_new/template_demo/05-12-2017/movies_pro-demo_Free/482523427/web/images/h5.jpg]
[p.w3layouts.com/demos_new/template_demo/05-12-2017/movies_pro-demo_Free/482523427/web/images/h6.jpg]
[p.w3layouts.com/demos_new/template_demo/05-12-2017/movies_pro-demo_Free/482523427/web/images/h7.jpg]
[p.w3layouts.com/demos_new/template_demo/05-12-2017/movies_pro-demo_Free/482523427/web/images/h8.jpg]
[p.w3layouts.com/demos_new/template_demo/05-12-2017/movies_pro-demo_Free/482523427/web/images/55.jpg]
[p.w3layouts.com/demos_new/template_demo/05-12-2017/movies_pro-demo_Free/482523427/web/images/66.jpg]
[p.w3layouts.com/demos_new/template_demo/05-12-2017/movies_pro-demo_Free/482523427/web/images/t1.jpg]
[p.w3layouts.com/demos_new/template_demo/05-12-2017/movies_pro-demo_Free/482523427/web/images/t2.jpg]
[p.w3layouts.com/demos_new/template_demo/05-12-2017/movies_pro-demo_Free/482523427/web/images/t3.jpg]
[p.w3layouts.com/demos_new/template_demo/05-12-2017/movies_pro-demo_Free/482523427/web/images/t4.jpg]
[p.w3layouts.com/demos_new/template_demo/05-12-2017/movies_pro-demo_Free/482523427/web/images/t5.jpg]
[p.w3layouts.com/demos_new/template_demo/05-12-2017/movies_pro-demo_Free/482523427/web/images/t6.jpg]
[p.w3layouts.com/demos_new/template_demo/05-12-2017/movies_pro-demo_Free/482523427/web/images/t7.jpg]
[p.w3layouts.com/demos_new/template_demo/05-12-2017/movies_pro-demo_Free/482523427/web/images/t8.jpg]
[p.w3layouts.com/demos_new/template_demo/05-12-2017/movies_pro-demo_Free/482523427/web/images/g1.jpg]
[p.w3layouts.com/demos_new/template_demo/05-12-2017/movies_pro-demo_Free/482523427/web/images/g2.jpg]
[p.w3layouts.com/demos_new/template_demo/05-12-2017/movies_pro-demo_Free/482523427/web/images/g3.jpg]
[p.w3layouts.com/demos_new/template_demo/05-12-2017/movies_pro-demo_Free/482523427/web/images/g4.jpg]
[p.w3layouts.com/demos_new/template_demo/05-12-2017/movies_pro-demo_Free/482523427/web/images/g5.jpg]
[p.w3layouts.com/demos_new/template_demo/05-12-2017/movies_pro-demo_Free/482523427/web/images/g6.jpg]
[p.w3layouts.com/demos_new/template_demo/05-12-2017/movies_pro-demo_Free/482523427/web/images/g7.jpg]
[p.w3layouts.com/demos_new/template_demo/05-12-2017/movies_pro-demo_Free/482523427/web/images/g8.jpg]
[p.w3layouts.com/demos_new/template_demo/05-12-2017/movies_pro-demo_Free/482523427/web/images/77.jpg]
[p.w3layouts.com/demos_new/template_demo/05-12-2017/movies_pro-demo_Free/482523427/web/series.html]
[p.w3layouts.com/demos_new/template_demo/05-12-2017/movies_pro-demo_Free/482523427/web/news.html]
[p.w3layouts.com/demos_new/template_demo/05-12-2017/movies_pro-demo_Free/482523427/web/news-single.html]
[p.w3layouts.com/demos_new/template_demo/05-12-2017/movies_pro-demo_Free/482523427/web/css/table-style.css]
[p.w3layouts.com/demos_new/template_demo/05-12-2017/movies_pro-demo_Free/482523427/web/css/basictable.css]
[p.w3layouts.com/demos_new/template_demo/05-12-2017/movies_pro-demo_Free/482523427/web/css/list.css]
[p.w3layouts.com/demos_new/template_demo/05-12-2017/movies_pro-demo_Free/482523427/web/genre.htmlgenre.html]
[p.w3layouts.com/demos_new/template_demo/05-12-2017/movies_pro-demo_Free/482523427/web/list.html]
[p.w3layouts.com/demos_new/template_demo/05-12-2017/movies_pro-demo_Free/482523427/web/contact.html]
[p.w3layouts.com/demos_new/template_demo/05-12-2017/movies_pro-demo_Free/482523427/web/js/jquery.basictable.min.js]
[connect.facebook.net/en_GB/sdk.js]
[p.w3layouts.com/demos_new/template_demo/05-12-2017/movies_pro-demo_Free/482523427/web/ABCDEFGHIJKLMNOPQRSTUVWXYZabcdefghijklmnopqrstuvwxyz0123456789+/index.html]
[p.w3layouts.com/demos_new/template_demo/05-12-2017/movies_pro-demo_Free/482523427/web/images/admin.jpg]
[p.w3layouts.com/demos_new/template_demo/05-12-2017/movies_pro-demo_Free/482523427/web/single.html]
[p.w3layouts.com/demos_new/template_demo/05-12-2017/movies_pro-demo_Free/482523427/web/icons.html]
[p.w3layouts.com/demos_new/template_demo/05-12-2017/movies_pro-demo_Free/482523427/web/short-codes.html]
[p.w3layouts.com/demos_new/template_demo/05-12-2017/movies_pro-demo_Free/482523427/web/^([^_/indexd41d.html]
[p.w3layouts.com/demos_new/template_demo/05-12-2017/movies_pro-demo_Free/482523427/web/css/grabbing.png]
[p.w3layouts.com/demos_new/template_demo/05-12-2017/movies_pro-demo_Free/482523427/web/css/AjaxLoader.gif]
[p.w3layouts.com/demos_new/template_demo/05-12-2017/movies_pro-demo_Free/482523427/web/css/owl.carousel.css]
[p.w3layouts.com/demos_new/template_demo/05-12-2017/movies_pro-demo_Free/482523427/web/fonts/glyphicons-halflings-regular.svg]
[p.w3layouts.com/demos_new/template_demo/05-12-2017/movies_pro-demo_Free/482523427/web/css/plain.html]
[p.w3layouts.com/demos_new/template_demo/05-12-2017/movies_pro-demo_Free/482523427/web/images/tick.html]
[p.w3layouts.com/demos_new/template_demo/05-12-2017/movies_pro-demo_Free/482523427/web/fonts/fontawesome-webfont5b62.svg]
[p.w3layouts.com/demos_new/template_demo/05-12-2017/movies_pro-demo_Free/482523427/web/news-single.html]
[p.w3layouts.com/demos_new/template_demo/05-12-2017/movies_pro-demo_Free/482523427/web/css/table-style.css]
[p.w3layouts.com/demos_new/template_demo/05-12-2017/movies_pro-demo_Free/482523427/web/css/basictable.css]
[p.w3layouts.com/demos_new/template_demo/05-12-2017/movies_pro-demo_Free/482523427/web/css/list.css]
[p.w3layouts.com/demos_new/template_demo/05-12-2017/movies_pro-demo_Free/482523427/web/genre.htmlgenre.html]
[p.w3layouts.com/demos_new/template_demo/05-12-2017/movies_pro-demo_Free/482523427/web/ABCDEFGHIJKLMNOPQRSTUVWXYZabcdefghijklmnopqrstuvwxyz0123456789+/index.html]
[p.w3layouts.com/demos_new/template_demo/05-12-2017/movies_pro-demo_Free/482523427/web/^([^_/indexd41d.html]
[p.w3layouts.com/demos_new/template_demo/05-12-2017/movies_pro-demo_Free/482523427/web/css/grabbing.html]
[p.w3layouts.com/demos_new/template_demo/05-12-2017/movies_pro-demo_Free/482523427/web/css/AjaxLoader.html]
[cdn.fancybar.net/ac/fancybar6a2f.js]
[p.w3layouts.com/demos_new/template_demo/05-12-2017/movies_pro-demo_Free/482523427/web/News-2.html]
[p.w3layouts.com/demos_new/template_demo/05-12-2017/movies_pro-demo_Free/482523427/web/News-2.html]
